<?xml version="1.0" encoding="UTF-8"?>
<testng-results skipped="0" failed="0" ignored="0" total="1" passed="1">
  <reporter-output>
  </reporter-output>
  <suite name="Default suite" duration-ms="22852" started-at="2021-02-11T09:32:25Z" finished-at="2021-02-11T09:32:48Z">
    <groups>
    </groups>
    <test name="Default test" duration-ms="22852" started-at="2021-02-11T09:32:25Z" finished-at="2021-02-11T09:32:48Z">
      <class name="test.test1.AppTest">
        <test-method status="PASS" signature="t1()[pri:0, instance:test.test1.AppTest@30b7c004]" name="t1" duration-ms="22788" started-at="2021-02-11T09:32:25Z" finished-at="2021-02-11T09:32:48Z">
          <reporter-output>
          </reporter-output>
        </test-method> <!-- t1 -->
      </class> <!-- test.test1.AppTest -->
    </test> <!-- Default test -->
  </suite> <!-- Default suite -->
</testng-results>
